<?xml version="1.0" encoding="UTF-8"?>
<testng-results skipped="0" failed="0" ignored="0" total="2" passed="2">
  <reporter-output>
  </reporter-output>
  <suite name="Suite" duration-ms="26172" started-at="2019-05-28T07:45:17Z" finished-at="2019-05-28T07:45:43Z">
    <groups>
    </groups>
    <test name="cb" duration-ms="14689" started-at="2019-05-28T07:45:17Z" finished-at="2019-05-28T07:45:32Z">
      <class name="org.maven.MavenDemo.TestNG">
        <test-method status="PASS" signature="test1(java.lang.String, java.lang.String, java.lang.String)[pri:0, instance:org.maven.MavenDemo.TestNG@61832929]" name="test1" duration-ms="14611" started-at="2019-05-28T07:45:17Z" finished-at="2019-05-28T07:45:32Z">
          <params>
            <param index="0">
              <value>
                <![CDATA[cb]]>
              </value>
            </param>
            <param index="1">
              <value>
                <![CDATA[kalai]]>
              </value>
            </param>
            <param index="2">
              <value>
                <![CDATA[kv]]>
              </value>
            </param>
          </params>
          <reporter-output>
          </reporter-output>
        </test-method> <!-- test1 -->
      </class> <!-- org.maven.MavenDemo.TestNG -->
    </test> <!-- cb -->
    <test name="ff" duration-ms="11421" started-at="2019-05-28T07:45:32Z" finished-at="2019-05-28T07:45:43Z">
      <class name="org.maven.MavenDemo.TestNG">
        <test-method status="PASS" signature="test1(java.lang.String, java.lang.String, java.lang.String)[pri:0, instance:org.maven.MavenDemo.TestNG@e25b2fe]" name="test1" duration-ms="11405" started-at="2019-05-28T07:45:32Z" finished-at="2019-05-28T07:45:43Z">
          <params>
            <param index="0">
              <value>
                <![CDATA[ff]]>
              </value>
            </param>
            <param index="1">
              <value>
                <![CDATA[kalai]]>
              </value>
            </param>
            <param index="2">
              <value>
                <![CDATA[kv]]>
              </value>
            </param>
          </params>
          <reporter-output>
          </reporter-output>
        </test-method> <!-- test1 -->
      </class> <!-- org.maven.MavenDemo.TestNG -->
    </test> <!-- ff -->
  </suite> <!-- Suite -->
</testng-results>
